2024-11-06 07:35:55,039 - INFO - Starting VnExpress scraper...
2024-11-06 07:35:55,041 - DEBUG - Starting new HTTPS connection (1): vnexpress.net:443
2024-11-06 07:35:55,406 - DEBUG - https://vnexpress.net:443 "GET /the-gioi HTTP/11" 200 None
2024-11-06 07:35:55,618 - DEBUG - Successfully fetched page content
2024-11-06 07:35:55,668 - INFO - Found 89 potential article elements
2024-11-06 07:35:55,670 - DEBUG - No time element found
2024-11-06 07:35:55,670 - DEBUG - No time element found
2024-11-06 07:35:55,671 - DEBUG - No time element found
2024-11-06 07:35:55,671 - DEBUG - No title element found
2024-11-06 07:35:55,672 - DEBUG - No time element found
2024-11-06 07:35:55,673 - DEBUG - No time element found
2024-11-06 07:35:55,674 - DEBUG - No time element found
2024-11-06 07:35:55,674 - DEBUG - No time element found
2024-11-06 07:35:55,675 - DEBUG - No time element found
2024-11-06 07:35:55,676 - DEBUG - No time element found
2024-11-06 07:35:55,676 - DEBUG - No time element found
2024-11-06 07:35:55,677 - DEBUG - No time element found
2024-11-06 07:35:55,678 - DEBUG - No time element found
2024-11-06 07:35:55,679 - DEBUG - No time element found
2024-11-06 07:35:55,679 - DEBUG - No time element found
2024-11-06 07:35:55,680 - DEBUG - No time element found
2024-11-06 07:35:55,681 - DEBUG - No time element found
2024-11-06 07:35:55,682 - DEBUG - No time element found
2024-11-06 07:35:55,682 - DEBUG - No time element found
2024-11-06 07:35:55,683 - DEBUG - No time element found
2024-11-06 07:35:55,684 - DEBUG - No time element found
2024-11-06 07:35:55,684 - DEBUG - No time element found
2024-11-06 07:35:55,685 - DEBUG - No time element found
2024-11-06 07:35:55,686 - DEBUG - No time element found
2024-11-06 07:35:55,687 - DEBUG - No time element found
2024-11-06 07:35:55,687 - DEBUG - No time element found
2024-11-06 07:35:55,688 - DEBUG - No time element found
2024-11-06 07:35:55,689 - DEBUG - No time element found
2024-11-06 07:35:55,689 - DEBUG - No time element found
2024-11-06 07:35:55,690 - DEBUG - No time element found
2024-11-06 07:35:55,691 - DEBUG - No time element found
2024-11-06 07:35:55,692 - DEBUG - No time element found
2024-11-06 07:35:55,692 - DEBUG - No time element found
2024-11-06 07:35:55,693 - DEBUG - No time element found
2024-11-06 07:35:55,694 - DEBUG - No time element found
2024-11-06 07:35:55,695 - DEBUG - No time element found
2024-11-06 07:35:55,696 - DEBUG - No time element found
2024-11-06 07:35:55,697 - DEBUG - No time element found
2024-11-06 07:35:55,698 - DEBUG - No time element found
2024-11-06 07:35:55,698 - DEBUG - No time element found
2024-11-06 07:35:55,699 - DEBUG - No time element found
2024-11-06 07:35:55,700 - DEBUG - No time element found
2024-11-06 07:35:55,701 - DEBUG - No time element found
2024-11-06 07:35:55,701 - DEBUG - No time element found
2024-11-06 07:35:55,702 - DEBUG - No time element found
2024-11-06 07:35:55,703 - DEBUG - No time element found
2024-11-06 07:35:55,703 - DEBUG - No time element found
2024-11-06 07:35:55,704 - DEBUG - No time element found
2024-11-06 07:35:55,704 - DEBUG - No title element found
2024-11-06 07:35:55,704 - DEBUG - No time element found
2024-11-06 07:35:55,705 - DEBUG - No time element found
2024-11-06 07:35:55,706 - DEBUG - No time element found
2024-11-06 07:35:55,707 - DEBUG - No time element found
2024-11-06 07:35:55,707 - DEBUG - No time element found
2024-11-06 07:35:55,708 - DEBUG - No time element found
2024-11-06 07:35:55,709 - DEBUG - No time element found
2024-11-06 07:35:55,709 - DEBUG - No time element found
2024-11-06 07:35:55,710 - DEBUG - No time element found
2024-11-06 07:35:55,711 - DEBUG - No time element found
2024-11-06 07:35:55,711 - DEBUG - No time element found
2024-11-06 07:35:55,712 - DEBUG - No time element found
2024-11-06 07:35:55,713 - DEBUG - No time element found
2024-11-06 07:35:55,714 - DEBUG - No time element found
2024-11-06 07:35:55,714 - DEBUG - No time element found
2024-11-06 07:35:55,715 - DEBUG - No time element found
2024-11-06 07:35:55,716 - DEBUG - No time element found
2024-11-06 07:35:55,716 - DEBUG - No time element found
2024-11-06 07:35:55,717 - DEBUG - No time element found
2024-11-06 07:35:55,718 - DEBUG - No time element found
2024-11-06 07:35:55,718 - DEBUG - No time element found
2024-11-06 07:35:55,719 - DEBUG - No time element found
2024-11-06 07:35:55,720 - DEBUG - No time element found
2024-11-06 07:35:55,720 - DEBUG - No time element found
2024-11-06 07:35:55,721 - DEBUG - No time element found
2024-11-06 07:35:55,722 - DEBUG - No time element found
2024-11-06 07:35:55,723 - DEBUG - No time element found
2024-11-06 07:35:55,723 - DEBUG - No time element found
2024-11-06 07:35:55,724 - DEBUG - No time element found
2024-11-06 07:35:55,725 - DEBUG - No time element found
2024-11-06 07:35:55,725 - DEBUG - No time element found
2024-11-06 07:35:55,726 - DEBUG - No time element found
2024-11-06 07:35:55,727 - DEBUG - No time element found
2024-11-06 07:35:55,728 - DEBUG - No time element found
2024-11-06 07:35:55,728 - DEBUG - No time element found
2024-11-06 07:35:55,729 - DEBUG - No time element found
2024-11-06 07:35:55,730 - DEBUG - No time element found
2024-11-06 07:35:55,730 - DEBUG - No time element found
2024-11-06 07:35:55,731 - DEBUG - No time element found
2024-11-06 07:35:55,732 - DEBUG - No time element found
2024-11-06 07:35:55,732 - INFO - Found 0 valid articles
2024-11-06 07:35:55,732 - WARNING - No articles found to export
