2024-11-06 10:25:04,417 - INFO - Starting VnExpress scraper...
2024-11-06 10:25:04,420 - DEBUG - Starting new HTTPS connection (1): vnexpress.net:443
2024-11-06 10:25:04,832 - DEBUG - https://vnexpress.net:443 "GET /the-gioi HTTP/11" 200 None
2024-11-06 10:25:05,064 - DEBUG - Successfully fetched page content
2024-11-06 10:25:05,069 - INFO - Found 44 potential article elements
2024-11-06 10:25:05,069 - INFO - Successfully parsed article: Báo Mỹ nói Donald Trump đắc cử tổng thống Mỹ
2024-11-06 10:25:05,069 - INFO - Successfully parsed article: Tâm trạng người Mỹ trong lúc chờ kết quả bầu cử
2024-11-06 10:25:05,069 - INFO - Successfully parsed article: Đảng Cộng hòa giành đa số Thượng viện Mỹ
2024-11-06 10:25:05,070 - INFO - Successfully parsed article: Barron Trump lần đầu đi bỏ phiếu
2024-11-06 10:25:05,070 - INFO - Successfully parsed article: Vui, buồn của phe Cộng hòa - Dân chủ khi ông Trump dẫn trước
2024-11-06 10:25:05,070 - INFO - Successfully parsed article: Nevada gặp rắc rối vì cử tri trẻ không biết ký tên
2024-11-06 10:25:05,070 - INFO - Successfully parsed article: Nước Mỹ trong ngày bầu cử
2024-11-06 10:25:05,070 - INFO - Successfully parsed article: Những người nhập cư Mỹ nêu lý do bầu cho ông Trump
2024-11-06 10:25:05,070 - INFO - Successfully parsed article: Cử tri kiện Elon Musk vì không chọn ngẫu nhiên người nhận một triệu USD
2024-11-06 10:25:05,070 - INFO - Successfully parsed article: Cử tri ủng hộ ông Trump về kinh tế, bà Harris về quyền phá thai
2024-11-06 10:25:05,071 - INFO - Successfully parsed article: Ông Trump áp đảo ở các bang chiến trường
2024-11-06 10:25:05,071 - INFO - Successfully parsed article: Truyền thông Mỹ xướng tên người đắc cử thế nào
2024-11-06 10:25:05,071 - INFO - Successfully parsed article: Lý do Mỹ khó công bố người chiến thắng ngay đêm bầu cử
2024-11-06 10:25:05,071 - INFO - Successfully parsed article: Người Mỹ gốc Việt nêu lý do bầu cho Trump, Harris
2024-11-06 10:25:05,071 - INFO - Successfully parsed article: Thủ tướng Israel sa thải Bộ trưởng Quốc phòng
2024-11-06 10:25:05,071 - INFO - Successfully parsed article: Người dân khắp thế giới theo dõi bầu cử tổng thống Mỹ
2024-11-06 10:25:05,071 - INFO - Successfully parsed article: Nga cáo buộc Ukraine định chiếm nhà máy điện hạt nhân ở Kursk
2024-11-06 10:25:05,072 - INFO - Successfully parsed article: Nỗi stress của cử tri Mỹ trong kỳ bầu cử
2024-11-06 10:25:05,072 - INFO - Successfully parsed article: Cách giới chức Mỹ ngăn 'phiếu bầu ma'
2024-11-06 10:25:05,072 - INFO - Successfully parsed article: Lý do ông Trump vẫn được bỏ phiếu dù đã bị kết tội
2024-11-06 10:25:05,072 - INFO - Successfully parsed article: Tiêm kích Ấn Độ 'xoay như lá vàng' khi rơi xuống đất
2024-11-06 10:25:05,072 - INFO - Successfully parsed article: Người Ấn Độ tới đền thờ cầu nguyện cho bà Harris đắc cử
2024-11-06 10:25:05,072 - INFO - Successfully parsed article: Ẩn số từ cử tri thầm lặng trong bầu cử Mỹ
2024-11-06 10:25:05,072 - INFO - Successfully parsed article: Máy bỏ phiếu bầu tổng thống Mỹ hoạt động như thế nào?
2024-11-06 10:25:05,073 - INFO - Successfully parsed article: Phát biểu khép lại chiến dịch tranh cử của Trump - Harris
2024-11-06 10:25:05,073 - INFO - Successfully parsed article: Thủ tướng tặng chân dung Chủ tịch Hồ Chí Minh cho khu di tích ở Vân Nam
2024-11-06 10:25:05,073 - INFO - Successfully parsed article: Ông Trump cáo buộc 'gian lận tràn lan' ở Philadelphia
2024-11-06 10:25:05,073 - INFO - Successfully parsed article: Vua Tây Ban Nha được ca ngợi vì đứng vững trước đám đông ném bùn
2024-11-06 10:25:05,073 - INFO - Successfully parsed article: Ông Zelensky: Nga phóng UAV vào Ukraine nhiều gấp 10 lần năm ngoái
2024-11-06 10:25:05,073 - INFO - Successfully parsed article: Hà mã 'ngôi sao' của Thái Lan dự đoán ông Trump đắc cử
2024-11-06 10:25:05,074 - INFO - Successfully parsed article: Ông Trump chọn 'thành phố đặc biệt' làm điểm vận động cuối cùng
2024-11-06 10:25:05,074 - INFO - Successfully parsed article: Những gia đình Mỹ bất đồng quan điểm vì bầu cử tổng thống
2024-11-06 10:25:05,074 - INFO - Successfully parsed article: UAV Lancet có thể đã tập kích hơn 2.500 mục tiêu ở Ukraine
2024-11-06 10:25:05,074 - INFO - Successfully parsed article: Những hình ảnh định hình mùa bầu cử tổng thống Mỹ
2024-11-06 10:25:05,074 - DEBUG - No valid article ID found for URL: https://vnexpress.net/ba-thi-tran-o-my-bo-phieu-bau-cu-luc-nua-dem-4812299-tong-thuat.html
2024-11-06 10:25:05,074 - INFO - Successfully parsed article: Người dẫn chương trình podcast nổi tiếng tuyên bố ủng hộ ông Trump
2024-11-06 10:25:05,074 - INFO - Successfully parsed article: Ông Trump nói bà Harris 'nên đấu với Mike Tyson'
2024-11-06 10:25:05,074 - INFO - Successfully parsed article: Cách người Mỹ bỏ phiếu và kiểm đếm kết quả bầu cử
2024-11-06 10:25:05,075 - INFO - Successfully parsed article: Bà Harris gõ cửa nhà dân trước giờ bầu cử
2024-11-06 10:25:05,075 - INFO - Successfully parsed article: Israel tuyên bố tập kích 'sở chỉ huy tình báo Hezbollah' tại Syria
2024-11-06 10:25:05,075 - INFO - Successfully parsed article: Thủ tướng Phạm Minh Chính lên đường tới Trung Quốc
2024-11-06 10:25:05,075 - INFO - Successfully parsed article: Thông điệp đối chọi của Trump và Harris khi khép lại chiến dịch
2024-11-06 10:25:05,075 - INFO - Successfully parsed article: Ông Trump, bà Harris vận động giờ chót trước bầu cử
2024-11-06 10:25:05,075 - INFO - Successfully parsed article: Thẩm phán Pennsylvania cho phép Elon Musk thưởng một triệu USD cho cử tri
2024-11-06 10:25:05,076 - INFO - Found 43 valid articles
2024-11-06 10:25:05,098 - INFO - Successfully exported 43 articles to vnexpress_articles.xlsx
