2024-11-06 07:33:42,339 - INFO - Starting VnExpress scraper...
2024-11-06 07:33:42,341 - DEBUG - Starting new HTTPS connection (1): vnexpress.net:443
2024-11-06 07:33:42,738 - DEBUG - https://vnexpress.net:443 "GET /the-gioi HTTP/11" 200 None
2024-11-06 07:33:42,952 - DEBUG - Successfully fetched page content
2024-11-06 07:33:42,997 - INFO - Found 89 potential article elements
2024-11-06 07:33:42,999 - DEBUG - No time element found
2024-11-06 07:33:42,999 - DEBUG - No title element found
2024-11-06 07:33:43,000 - DEBUG - No time element found
2024-11-06 07:33:43,000 - DEBUG - No title element found
2024-11-06 07:33:43,001 - DEBUG - No time element found
2024-11-06 07:33:43,001 - DEBUG - No title element found
2024-11-06 07:33:43,002 - DEBUG - No time element found
2024-11-06 07:33:43,002 - DEBUG - No title element found
2024-11-06 07:33:43,002 - DEBUG - No title element found
2024-11-06 07:33:43,003 - DEBUG - No time element found
2024-11-06 07:33:43,004 - DEBUG - No title element found
2024-11-06 07:33:43,005 - DEBUG - No time element found
2024-11-06 07:33:43,005 - DEBUG - No title element found
2024-11-06 07:33:43,006 - DEBUG - No time element found
2024-11-06 07:33:43,006 - DEBUG - No title element found
2024-11-06 07:33:43,007 - DEBUG - No time element found
2024-11-06 07:33:43,007 - DEBUG - No title element found
2024-11-06 07:33:43,008 - DEBUG - No time element found
2024-11-06 07:33:43,009 - DEBUG - No title element found
2024-11-06 07:33:43,009 - DEBUG - No time element found
2024-11-06 07:33:43,010 - DEBUG - No title element found
2024-11-06 07:33:43,011 - DEBUG - No time element found
2024-11-06 07:33:43,011 - DEBUG - No title element found
2024-11-06 07:33:43,012 - DEBUG - No time element found
2024-11-06 07:33:43,012 - DEBUG - No title element found
2024-11-06 07:33:43,013 - DEBUG - No time element found
2024-11-06 07:33:43,014 - DEBUG - No title element found
2024-11-06 07:33:43,014 - DEBUG - No time element found
2024-11-06 07:33:43,015 - DEBUG - No title element found
2024-11-06 07:33:43,016 - DEBUG - No time element found
2024-11-06 07:33:43,016 - DEBUG - No title element found
2024-11-06 07:33:43,017 - DEBUG - No time element found
2024-11-06 07:33:43,018 - DEBUG - No title element found
2024-11-06 07:33:43,018 - DEBUG - No time element found
2024-11-06 07:33:43,019 - DEBUG - No title element found
2024-11-06 07:33:43,020 - DEBUG - No time element found
2024-11-06 07:33:43,020 - DEBUG - No title element found
2024-11-06 07:33:43,021 - DEBUG - No time element found
2024-11-06 07:33:43,021 - DEBUG - No title element found
2024-11-06 07:33:43,022 - DEBUG - No time element found
2024-11-06 07:33:43,023 - DEBUG - No title element found
2024-11-06 07:33:43,024 - DEBUG - No time element found
2024-11-06 07:33:43,024 - DEBUG - No title element found
2024-11-06 07:33:43,025 - DEBUG - No time element found
2024-11-06 07:33:43,025 - DEBUG - No title element found
2024-11-06 07:33:43,026 - DEBUG - No time element found
2024-11-06 07:33:43,026 - DEBUG - No title element found
2024-11-06 07:33:43,027 - DEBUG - No time element found
2024-11-06 07:33:43,028 - DEBUG - No title element found
2024-11-06 07:33:43,028 - DEBUG - No time element found
2024-11-06 07:33:43,029 - DEBUG - No title element found
2024-11-06 07:33:43,030 - DEBUG - No time element found
2024-11-06 07:33:43,030 - DEBUG - No title element found
2024-11-06 07:33:43,031 - DEBUG - No time element found
2024-11-06 07:33:43,031 - DEBUG - No title element found
2024-11-06 07:33:43,032 - DEBUG - No time element found
2024-11-06 07:33:43,032 - DEBUG - No title element found
2024-11-06 07:33:43,033 - DEBUG - No time element found
2024-11-06 07:33:43,034 - DEBUG - No title element found
2024-11-06 07:33:43,034 - DEBUG - No time element found
2024-11-06 07:33:43,035 - DEBUG - No title element found
2024-11-06 07:33:43,035 - DEBUG - No time element found
2024-11-06 07:33:43,036 - DEBUG - No title element found
2024-11-06 07:33:43,037 - DEBUG - No time element found
2024-11-06 07:33:43,037 - DEBUG - No title element found
2024-11-06 07:33:43,038 - DEBUG - No time element found
2024-11-06 07:33:43,038 - DEBUG - No title element found
2024-11-06 07:33:43,039 - DEBUG - No time element found
2024-11-06 07:33:43,040 - DEBUG - No title element found
2024-11-06 07:33:43,040 - DEBUG - No time element found
2024-11-06 07:33:43,041 - DEBUG - No title element found
2024-11-06 07:33:43,041 - DEBUG - No time element found
2024-11-06 07:33:43,042 - DEBUG - No title element found
2024-11-06 07:33:43,043 - DEBUG - No time element found
2024-11-06 07:33:43,043 - DEBUG - No title element found
2024-11-06 07:33:43,044 - DEBUG - No time element found
2024-11-06 07:33:43,044 - DEBUG - No title element found
2024-11-06 07:33:43,045 - DEBUG - No time element found
2024-11-06 07:33:43,045 - DEBUG - No title element found
2024-11-06 07:33:43,046 - DEBUG - No time element found
2024-11-06 07:33:43,046 - DEBUG - No title element found
2024-11-06 07:33:43,047 - DEBUG - No time element found
2024-11-06 07:33:43,047 - DEBUG - No title element found
2024-11-06 07:33:43,048 - DEBUG - No time element found
2024-11-06 07:33:43,049 - DEBUG - No title element found
2024-11-06 07:33:43,049 - DEBUG - No time element found
2024-11-06 07:33:43,050 - DEBUG - No title element found
2024-11-06 07:33:43,050 - DEBUG - No time element found
2024-11-06 07:33:43,051 - DEBUG - No title element found
2024-11-06 07:33:43,051 - INFO - Found 0 valid articles
2024-11-06 07:33:43,051 - WARNING - No articles found to export
