2024-11-06 07:35:21,303 - INFO - Starting VnExpress scraper...
2024-11-06 07:35:21,304 - DEBUG - sending request: https://vnexpress.net/the-gioi
2024-11-06 07:35:21,304 - DEBUG - Starting new HTTPS connection (1): vnexpress.net:443
2024-11-06 07:35:21,955 - DEBUG - https://vnexpress.net:443 "GET /the-gioi HTTP/11" 200 None
2024-11-06 07:35:21,957 - DEBUG - Successfully fetched page content
2024-11-06 07:35:21,999 - INFO - Found 45 potential article elements
2024-11-06 07:35:22,000 - DEBUG - No time element found
2024-11-06 07:35:22,001 - DEBUG - No time element found
2024-11-06 07:35:22,002 - DEBUG - No time element found
2024-11-06 07:35:22,003 - DEBUG - No time element found
2024-11-06 07:35:22,003 - DEBUG - No title element found
2024-11-06 07:35:22,004 - DEBUG - No time element found
2024-11-06 07:35:22,005 - DEBUG - No time element found
2024-11-06 07:35:22,006 - DEBUG - No time element found
2024-11-06 07:35:22,007 - DEBUG - No time element found
2024-11-06 07:35:22,008 - DEBUG - No time element found
2024-11-06 07:35:22,008 - DEBUG - No time element found
2024-11-06 07:35:22,009 - DEBUG - No time element found
2024-11-06 07:35:22,010 - DEBUG - No time element found
2024-11-06 07:35:22,011 - DEBUG - No time element found
2024-11-06 07:35:22,012 - DEBUG - No time element found
2024-11-06 07:35:22,013 - DEBUG - No time element found
2024-11-06 07:35:22,014 - DEBUG - No time element found
2024-11-06 07:35:22,015 - DEBUG - No time element found
2024-11-06 07:35:22,016 - DEBUG - No time element found
2024-11-06 07:35:22,017 - DEBUG - No time element found
2024-11-06 07:35:22,017 - DEBUG - No time element found
2024-11-06 07:35:22,018 - DEBUG - No time element found
2024-11-06 07:35:22,019 - DEBUG - No time element found
2024-11-06 07:35:22,020 - DEBUG - No time element found
2024-11-06 07:35:22,021 - DEBUG - No time element found
2024-11-06 07:35:22,021 - DEBUG - No time element found
2024-11-06 07:35:22,022 - DEBUG - No time element found
2024-11-06 07:35:22,023 - DEBUG - No time element found
2024-11-06 07:35:22,023 - DEBUG - No time element found
2024-11-06 07:35:22,025 - DEBUG - No time element found
2024-11-06 07:35:22,025 - DEBUG - No time element found
2024-11-06 07:35:22,026 - DEBUG - No time element found
2024-11-06 07:35:22,027 - DEBUG - No time element found
2024-11-06 07:35:22,028 - DEBUG - No time element found
2024-11-06 07:35:22,029 - DEBUG - No time element found
2024-11-06 07:35:22,030 - DEBUG - No time element found
2024-11-06 07:35:22,031 - DEBUG - No time element found
2024-11-06 07:35:22,032 - DEBUG - No time element found
2024-11-06 07:35:22,033 - DEBUG - No time element found
2024-11-06 07:35:22,034 - DEBUG - No time element found
2024-11-06 07:35:22,035 - DEBUG - No time element found
2024-11-06 07:35:22,036 - DEBUG - No time element found
2024-11-06 07:35:22,037 - DEBUG - No time element found
2024-11-06 07:35:22,038 - DEBUG - No time element found
2024-11-06 07:35:22,039 - DEBUG - No time element found
2024-11-06 07:35:22,039 - INFO - Found 0 valid articles
2024-11-06 07:35:22,039 - WARNING - No articles found to export
